
*** Running vivado
    with args -log uart_manager.vdi -applog -m64 -product Vivado -messageDb vivado.pb -mode batch -source uart_manager.tcl -notrace


ECHO is off.
ECHO is off.

****** Vivado v2023.1 (64-bit)
  **** SW Build 3865809 on Sun May  7 15:05:29 MDT 2023
  **** IP Build 3864474 on Sun May  7 20:36:21 MDT 2023
  **** SharedData Build 3865790 on Sun May 07 13:33:03 MDT 2023
    ** Copyright 1986-2022 Xilinx, Inc. All Rights Reserved.
    ** Copyright 2022-2023 Advanced Micro Devices, Inc. All Rights Reserved.

source uart_manager.tcl -notrace
create_project: Time (s): cpu = 00:00:06 ; elapsed = 00:00:06 . Memory (MB): peak = 430.090 ; gain = 163.281
Command: link_design -top uart_manager -part xc7a35tcpg236-1
Design is defaulting to srcset: sources_1
Design is defaulting to constrset: constrs_1
INFO: [Device 21-403] Loading part xc7a35tcpg236-1
Netlist sorting complete. Time (s): cpu = 00:00:00 ; elapsed = 00:00:00 . Memory (MB): peak = 840.449 ; gain = 0.000
INFO: [Project 1-479] Netlist was created with Vivado 2023.1
INFO: [Project 1-570] Preparing netlist for logic optimization
Parsing XDC File [C:/Users/Administrator.LAPTOP-S0NU6TDL/Documents/DSL_1D/.git/DSL_PRNG_GROUP_2/PRNG_DSL_G2.srcs/constrs_1/new/CMOD_A7.xdc]
WARNING: [Vivado 12-584] No ports matched 'sysclk'. [C:/Users/Administrator.LAPTOP-S0NU6TDL/Documents/DSL_1D/.git/DSL_PRNG_GROUP_2/PRNG_DSL_G2.srcs/constrs_1/new/CMOD_A7.xdc:7]
CRITICAL WARNING: [Common 17-55] 'set_property' expects at least one object. [C:/Users/Administrator.LAPTOP-S0NU6TDL/Documents/DSL_1D/.git/DSL_PRNG_GROUP_2/PRNG_DSL_G2.srcs/constrs_1/new/CMOD_A7.xdc:7]
Resolution: If [get_<value>] was used to populate the object, check to make sure this command returns at least one valid object.
WARNING: [Vivado 12-584] No ports matched 'sysclk'. [C:/Users/Administrator.LAPTOP-S0NU6TDL/Documents/DSL_1D/.git/DSL_PRNG_GROUP_2/PRNG_DSL_G2.srcs/constrs_1/new/CMOD_A7.xdc:8]
CRITICAL WARNING: [Vivado 12-4739] create_clock:No valid object(s) found for '-objects [get_ports sysclk]'. [C:/Users/Administrator.LAPTOP-S0NU6TDL/Documents/DSL_1D/.git/DSL_PRNG_GROUP_2/PRNG_DSL_G2.srcs/constrs_1/new/CMOD_A7.xdc:8]
Resolution: Check if the specified object(s) exists in the current design. If it does, ensure that the correct design hierarchy was specified for the object. If you are working with clocks, make sure create_clock was used to create the clock object before it is referenced.
WARNING: [Vivado 12-584] No ports matched 'led[0]'. [C:/Users/Administrator.LAPTOP-S0NU6TDL/Documents/DSL_1D/.git/DSL_PRNG_GROUP_2/PRNG_DSL_G2.srcs/constrs_1/new/CMOD_A7.xdc:11]
CRITICAL WARNING: [Common 17-55] 'set_property' expects at least one object. [C:/Users/Administrator.LAPTOP-S0NU6TDL/Documents/DSL_1D/.git/DSL_PRNG_GROUP_2/PRNG_DSL_G2.srcs/constrs_1/new/CMOD_A7.xdc:11]
Resolution: If [get_<value>] was used to populate the object, check to make sure this command returns at least one valid object.
WARNING: [Vivado 12-584] No ports matched 'led[1]'. [C:/Users/Administrator.LAPTOP-S0NU6TDL/Documents/DSL_1D/.git/DSL_PRNG_GROUP_2/PRNG_DSL_G2.srcs/constrs_1/new/CMOD_A7.xdc:12]
CRITICAL WARNING: [Common 17-55] 'set_property' expects at least one object. [C:/Users/Administrator.LAPTOP-S0NU6TDL/Documents/DSL_1D/.git/DSL_PRNG_GROUP_2/PRNG_DSL_G2.srcs/constrs_1/new/CMOD_A7.xdc:12]
Resolution: If [get_<value>] was used to populate the object, check to make sure this command returns at least one valid object.
WARNING: [Vivado 12-584] No ports matched 'btnR'. [C:/Users/Administrator.LAPTOP-S0NU6TDL/Documents/DSL_1D/.git/DSL_PRNG_GROUP_2/PRNG_DSL_G2.srcs/constrs_1/new/CMOD_A7.xdc:20]
CRITICAL WARNING: [Common 17-55] 'set_property' expects at least one object. [C:/Users/Administrator.LAPTOP-S0NU6TDL/Documents/DSL_1D/.git/DSL_PRNG_GROUP_2/PRNG_DSL_G2.srcs/constrs_1/new/CMOD_A7.xdc:20]
Resolution: If [get_<value>] was used to populate the object, check to make sure this command returns at least one valid object.
WARNING: [Vivado 12-584] No ports matched 'btnL'. [C:/Users/Administrator.LAPTOP-S0NU6TDL/Documents/DSL_1D/.git/DSL_PRNG_GROUP_2/PRNG_DSL_G2.srcs/constrs_1/new/CMOD_A7.xdc:21]
CRITICAL WARNING: [Common 17-55] 'set_property' expects at least one object. [C:/Users/Administrator.LAPTOP-S0NU6TDL/Documents/DSL_1D/.git/DSL_PRNG_GROUP_2/PRNG_DSL_G2.srcs/constrs_1/new/CMOD_A7.xdc:21]
Resolution: If [get_<value>] was used to populate the object, check to make sure this command returns at least one valid object.
WARNING: [Vivado 12-584] No ports matched 'adc_din1'. [C:/Users/Administrator.LAPTOP-S0NU6TDL/Documents/DSL_1D/.git/DSL_PRNG_GROUP_2/PRNG_DSL_G2.srcs/constrs_1/new/CMOD_A7.xdc:24]
CRITICAL WARNING: [Common 17-55] 'set_property' expects at least one object. [C:/Users/Administrator.LAPTOP-S0NU6TDL/Documents/DSL_1D/.git/DSL_PRNG_GROUP_2/PRNG_DSL_G2.srcs/constrs_1/new/CMOD_A7.xdc:24]
Resolution: If [get_<value>] was used to populate the object, check to make sure this command returns at least one valid object.
WARNING: [Vivado 12-584] No ports matched 'adc_dout1'. [C:/Users/Administrator.LAPTOP-S0NU6TDL/Documents/DSL_1D/.git/DSL_PRNG_GROUP_2/PRNG_DSL_G2.srcs/constrs_1/new/CMOD_A7.xdc:25]
CRITICAL WARNING: [Common 17-55] 'set_property' expects at least one object. [C:/Users/Administrator.LAPTOP-S0NU6TDL/Documents/DSL_1D/.git/DSL_PRNG_GROUP_2/PRNG_DSL_G2.srcs/constrs_1/new/CMOD_A7.xdc:25]
Resolution: If [get_<value>] was used to populate the object, check to make sure this command returns at least one valid object.
WARNING: [Vivado 12-584] No ports matched 'adc_clk1'. [C:/Users/Administrator.LAPTOP-S0NU6TDL/Documents/DSL_1D/.git/DSL_PRNG_GROUP_2/PRNG_DSL_G2.srcs/constrs_1/new/CMOD_A7.xdc:26]
CRITICAL WARNING: [Common 17-55] 'set_property' expects at least one object. [C:/Users/Administrator.LAPTOP-S0NU6TDL/Documents/DSL_1D/.git/DSL_PRNG_GROUP_2/PRNG_DSL_G2.srcs/constrs_1/new/CMOD_A7.xdc:26]
Resolution: If [get_<value>] was used to populate the object, check to make sure this command returns at least one valid object.
WARNING: [Vivado 12-584] No ports matched 'adc_csn1'. [C:/Users/Administrator.LAPTOP-S0NU6TDL/Documents/DSL_1D/.git/DSL_PRNG_GROUP_2/PRNG_DSL_G2.srcs/constrs_1/new/CMOD_A7.xdc:27]
CRITICAL WARNING: [Common 17-55] 'set_property' expects at least one object. [C:/Users/Administrator.LAPTOP-S0NU6TDL/Documents/DSL_1D/.git/DSL_PRNG_GROUP_2/PRNG_DSL_G2.srcs/constrs_1/new/CMOD_A7.xdc:27]
Resolution: If [get_<value>] was used to populate the object, check to make sure this command returns at least one valid object.
WARNING: [Vivado 12-584] No ports matched 'adc_din2'. [C:/Users/Administrator.LAPTOP-S0NU6TDL/Documents/DSL_1D/.git/DSL_PRNG_GROUP_2/PRNG_DSL_G2.srcs/constrs_1/new/CMOD_A7.xdc:28]
CRITICAL WARNING: [Common 17-55] 'set_property' expects at least one object. [C:/Users/Administrator.LAPTOP-S0NU6TDL/Documents/DSL_1D/.git/DSL_PRNG_GROUP_2/PRNG_DSL_G2.srcs/constrs_1/new/CMOD_A7.xdc:28]
Resolution: If [get_<value>] was used to populate the object, check to make sure this command returns at least one valid object.
WARNING: [Vivado 12-584] No ports matched 'adc_dout2'. [C:/Users/Administrator.LAPTOP-S0NU6TDL/Documents/DSL_1D/.git/DSL_PRNG_GROUP_2/PRNG_DSL_G2.srcs/constrs_1/new/CMOD_A7.xdc:29]
CRITICAL WARNING: [Common 17-55] 'set_property' expects at least one object. [C:/Users/Administrator.LAPTOP-S0NU6TDL/Documents/DSL_1D/.git/DSL_PRNG_GROUP_2/PRNG_DSL_G2.srcs/constrs_1/new/CMOD_A7.xdc:29]
Resolution: If [get_<value>] was used to populate the object, check to make sure this command returns at least one valid object.
WARNING: [Vivado 12-584] No ports matched 'adc_clk2'. [C:/Users/Administrator.LAPTOP-S0NU6TDL/Documents/DSL_1D/.git/DSL_PRNG_GROUP_2/PRNG_DSL_G2.srcs/constrs_1/new/CMOD_A7.xdc:30]
CRITICAL WARNING: [Common 17-55] 'set_property' expects at least one object. [C:/Users/Administrator.LAPTOP-S0NU6TDL/Documents/DSL_1D/.git/DSL_PRNG_GROUP_2/PRNG_DSL_G2.srcs/constrs_1/new/CMOD_A7.xdc:30]
Resolution: If [get_<value>] was used to populate the object, check to make sure this command returns at least one valid object.
WARNING: [Vivado 12-584] No ports matched 'adc_csn2'. [C:/Users/Administrator.LAPTOP-S0NU6TDL/Documents/DSL_1D/.git/DSL_PRNG_GROUP_2/PRNG_DSL_G2.srcs/constrs_1/new/CMOD_A7.xdc:31]
CRITICAL WARNING: [Common 17-55] 'set_property' expects at least one object. [C:/Users/Administrator.LAPTOP-S0NU6TDL/Documents/DSL_1D/.git/DSL_PRNG_GROUP_2/PRNG_DSL_G2.srcs/constrs_1/new/CMOD_A7.xdc:31]
Resolution: If [get_<value>] was used to populate the object, check to make sure this command returns at least one valid object.
WARNING: [Vivado 12-584] No ports matched 'xa_n[1]'. [C:/Users/Administrator.LAPTOP-S0NU6TDL/Documents/DSL_1D/.git/DSL_PRNG_GROUP_2/PRNG_DSL_G2.srcs/constrs_1/new/CMOD_A7.xdc:35]
CRITICAL WARNING: [Common 17-55] 'set_property' expects at least one object. [C:/Users/Administrator.LAPTOP-S0NU6TDL/Documents/DSL_1D/.git/DSL_PRNG_GROUP_2/PRNG_DSL_G2.srcs/constrs_1/new/CMOD_A7.xdc:35]
Resolution: If [get_<value>] was used to populate the object, check to make sure this command returns at least one valid object.
WARNING: [Vivado 12-584] No ports matched 'xa_p[1]'. [C:/Users/Administrator.LAPTOP-S0NU6TDL/Documents/DSL_1D/.git/DSL_PRNG_GROUP_2/PRNG_DSL_G2.srcs/constrs_1/new/CMOD_A7.xdc:36]
CRITICAL WARNING: [Common 17-55] 'set_property' expects at least one object. [C:/Users/Administrator.LAPTOP-S0NU6TDL/Documents/DSL_1D/.git/DSL_PRNG_GROUP_2/PRNG_DSL_G2.srcs/constrs_1/new/CMOD_A7.xdc:36]
Resolution: If [get_<value>] was used to populate the object, check to make sure this command returns at least one valid object.
WARNING: [Vivado 12-584] No ports matched 'xa_n[0]'. [C:/Users/Administrator.LAPTOP-S0NU6TDL/Documents/DSL_1D/.git/DSL_PRNG_GROUP_2/PRNG_DSL_G2.srcs/constrs_1/new/CMOD_A7.xdc:37]
CRITICAL WARNING: [Common 17-55] 'set_property' expects at least one object. [C:/Users/Administrator.LAPTOP-S0NU6TDL/Documents/DSL_1D/.git/DSL_PRNG_GROUP_2/PRNG_DSL_G2.srcs/constrs_1/new/CMOD_A7.xdc:37]
Resolution: If [get_<value>] was used to populate the object, check to make sure this command returns at least one valid object.
WARNING: [Vivado 12-584] No ports matched 'xa_p[0]'. [C:/Users/Administrator.LAPTOP-S0NU6TDL/Documents/DSL_1D/.git/DSL_PRNG_GROUP_2/PRNG_DSL_G2.srcs/constrs_1/new/CMOD_A7.xdc:38]
CRITICAL WARNING: [Common 17-55] 'set_property' expects at least one object. [C:/Users/Administrator.LAPTOP-S0NU6TDL/Documents/DSL_1D/.git/DSL_PRNG_GROUP_2/PRNG_DSL_G2.srcs/constrs_1/new/CMOD_A7.xdc:38]
Resolution: If [get_<value>] was used to populate the object, check to make sure this command returns at least one valid object.
WARNING: [Vivado 12-584] No ports matched 'sensor_drdy'. [C:/Users/Administrator.LAPTOP-S0NU6TDL/Documents/DSL_1D/.git/DSL_PRNG_GROUP_2/PRNG_DSL_G2.srcs/constrs_1/new/CMOD_A7.xdc:42]
CRITICAL WARNING: [Common 17-55] 'set_property' expects at least one object. [C:/Users/Administrator.LAPTOP-S0NU6TDL/Documents/DSL_1D/.git/DSL_PRNG_GROUP_2/PRNG_DSL_G2.srcs/constrs_1/new/CMOD_A7.xdc:42]
Resolution: If [get_<value>] was used to populate the object, check to make sure this command returns at least one valid object.
WARNING: [Vivado 12-584] No ports matched 'i2c_sda'. [C:/Users/Administrator.LAPTOP-S0NU6TDL/Documents/DSL_1D/.git/DSL_PRNG_GROUP_2/PRNG_DSL_G2.srcs/constrs_1/new/CMOD_A7.xdc:43]
CRITICAL WARNING: [Common 17-55] 'set_property' expects at least one object. [C:/Users/Administrator.LAPTOP-S0NU6TDL/Documents/DSL_1D/.git/DSL_PRNG_GROUP_2/PRNG_DSL_G2.srcs/constrs_1/new/CMOD_A7.xdc:43]
Resolution: If [get_<value>] was used to populate the object, check to make sure this command returns at least one valid object.
WARNING: [Vivado 12-584] No ports matched 'i2c_scl'. [C:/Users/Administrator.LAPTOP-S0NU6TDL/Documents/DSL_1D/.git/DSL_PRNG_GROUP_2/PRNG_DSL_G2.srcs/constrs_1/new/CMOD_A7.xdc:44]
CRITICAL WARNING: [Common 17-55] 'set_property' expects at least one object. [C:/Users/Administrator.LAPTOP-S0NU6TDL/Documents/DSL_1D/.git/DSL_PRNG_GROUP_2/PRNG_DSL_G2.srcs/constrs_1/new/CMOD_A7.xdc:44]
Resolution: If [get_<value>] was used to populate the object, check to make sure this command returns at least one valid object.
WARNING: [Vivado 12-584] No ports matched 'pio18'. [C:/Users/Administrator.LAPTOP-S0NU6TDL/Documents/DSL_1D/.git/DSL_PRNG_GROUP_2/PRNG_DSL_G2.srcs/constrs_1/new/CMOD_A7.xdc:57]
CRITICAL WARNING: [Common 17-55] 'set_property' expects at least one object. [C:/Users/Administrator.LAPTOP-S0NU6TDL/Documents/DSL_1D/.git/DSL_PRNG_GROUP_2/PRNG_DSL_G2.srcs/constrs_1/new/CMOD_A7.xdc:57]
Resolution: If [get_<value>] was used to populate the object, check to make sure this command returns at least one valid object.
Finished Parsing XDC File [C:/Users/Administrator.LAPTOP-S0NU6TDL/Documents/DSL_1D/.git/DSL_PRNG_GROUP_2/PRNG_DSL_G2.srcs/constrs_1/new/CMOD_A7.xdc]
INFO: [Opt 31-138] Pushed 0 inverter(s) to 0 load pin(s).
Netlist sorting complete. Time (s): cpu = 00:00:00 ; elapsed = 00:00:00 . Memory (MB): peak = 966.906 ; gain = 0.000
INFO: [Project 1-111] Unisim Transformation Summary:
No Unisim elements were transformed.

5 Infos, 22 Warnings, 22 Critical Warnings and 0 Errors encountered.
link_design completed successfully
link_design: Time (s): cpu = 00:00:05 ; elapsed = 00:00:05 . Memory (MB): peak = 970.898 ; gain = 532.668
Command: opt_design
Attempting to get a license for feature 'Implementation' and/or device 'xc7a35t'
INFO: [Common 17-349] Got license for feature 'Implementation' and/or device 'xc7a35t'
Running DRC as a precondition to command opt_design

Starting DRC Task
INFO: [DRC 23-27] Running DRC with 2 threads
INFO: [Project 1-461] DRC finished with 0 Errors
INFO: [Project 1-462] Please refer to the DRC report (report_drc) for more information.

Time (s): cpu = 00:00:00 ; elapsed = 00:00:00.543 . Memory (MB): peak = 982.871 ; gain = 11.973

Starting Cache Timing Information Task
INFO: [Timing 38-35] Done setting XDC timing constraints.
Ending Cache Timing Information Task | Checksum: 230de0b05

Time (s): cpu = 00:00:07 ; elapsed = 00:00:07 . Memory (MB): peak = 1445.441 ; gain = 462.570

Starting Logic Optimization Task

Phase 1 Retarget
INFO: [Opt 31-138] Pushed 0 inverter(s) to 0 load pin(s).
INFO: [Opt 31-49] Retargeted 0 cell(s).
Phase 1 Retarget | Checksum: 230de0b05

Time (s): cpu = 00:00:00 ; elapsed = 00:00:00.006 . Memory (MB): peak = 1781.395 ; gain = 0.000
INFO: [Opt 31-389] Phase Retarget created 0 cells and removed 0 cells

Phase 2 Constant propagation
INFO: [Opt 31-138] Pushed 0 inverter(s) to 0 load pin(s).
Phase 2 Constant propagation | Checksum: 230de0b05

Time (s): cpu = 00:00:00 ; elapsed = 00:00:00.007 . Memory (MB): peak = 1781.395 ; gain = 0.000
INFO: [Opt 31-389] Phase Constant propagation created 0 cells and removed 0 cells

Phase 3 Sweep
Phase 3 Sweep | Checksum: 230de0b05

Time (s): cpu = 00:00:00 ; elapsed = 00:00:00.007 . Memory (MB): peak = 1781.395 ; gain = 0.000
INFO: [Opt 31-389] Phase Sweep created 0 cells and removed 0 cells

Phase 4 BUFG optimization
Phase 4 BUFG optimization | Checksum: 230de0b05

Time (s): cpu = 00:00:00 ; elapsed = 00:00:00.037 . Memory (MB): peak = 1781.395 ; gain = 0.000
INFO: [Opt 31-662] Phase BUFG optimization created 0 cells of which 0 are BUFGs and removed 0 cells.

Phase 5 Shift Register Optimization
INFO: [Opt 31-1064] SRL Remap converted 0 SRLs to 0 registers and converted 0 registers of register chains to 0 SRLs
Phase 5 Shift Register Optimization | Checksum: 230de0b05

Time (s): cpu = 00:00:00 ; elapsed = 00:00:00.040 . Memory (MB): peak = 1781.395 ; gain = 0.000
INFO: [Opt 31-389] Phase Shift Register Optimization created 0 cells and removed 0 cells

Phase 6 Post Processing Netlist
Phase 6 Post Processing Netlist | Checksum: 230de0b05

Time (s): cpu = 00:00:00 ; elapsed = 00:00:00.041 . Memory (MB): peak = 1781.395 ; gain = 0.000
INFO: [Opt 31-389] Phase Post Processing Netlist created 0 cells and removed 0 cells
Opt_design Change Summary
=========================


-------------------------------------------------------------------------------------------------------------------------
|  Phase                        |  #Cells created  |  #Cells Removed  |  #Constrained objects preventing optimizations  |
-------------------------------------------------------------------------------------------------------------------------
|  Retarget                     |               0  |               0  |                                              0  |
|  Constant propagation         |               0  |               0  |                                              0  |
|  Sweep                        |               0  |               0  |                                              0  |
|  BUFG optimization            |               0  |               0  |                                              0  |
|  Shift Register Optimization  |               0  |               0  |                                              0  |
|  Post Processing Netlist      |               0  |               0  |                                              0  |
-------------------------------------------------------------------------------------------------------------------------



Starting Connectivity Check Task

Time (s): cpu = 00:00:00 ; elapsed = 00:00:00 . Memory (MB): peak = 1781.395 ; gain = 0.000
Ending Logic Optimization Task | Checksum: 230de0b05

Time (s): cpu = 00:00:00 ; elapsed = 00:00:00.042 . Memory (MB): peak = 1781.395 ; gain = 0.000

Starting Power Optimization Task
INFO: [Pwropt 34-132] Skipping clock gating for clocks with a period < 2.00 ns.
Ending Power Optimization Task | Checksum: 230de0b05

Time (s): cpu = 00:00:00 ; elapsed = 00:00:00.007 . Memory (MB): peak = 1781.395 ; gain = 0.000

Starting Final Cleanup Task
Ending Final Cleanup Task | Checksum: 230de0b05

Time (s): cpu = 00:00:00 ; elapsed = 00:00:00 . Memory (MB): peak = 1781.395 ; gain = 0.000

Starting Netlist Obfuscation Task
Netlist sorting complete. Time (s): cpu = 00:00:00 ; elapsed = 00:00:00 . Memory (MB): peak = 1781.395 ; gain = 0.000
Ending Netlist Obfuscation Task | Checksum: 230de0b05

Time (s): cpu = 00:00:00 ; elapsed = 00:00:00.001 . Memory (MB): peak = 1781.395 ; gain = 0.000
INFO: [Common 17-83] Releasing license: Implementation
22 Infos, 22 Warnings, 22 Critical Warnings and 0 Errors encountered.
opt_design completed successfully
opt_design: Time (s): cpu = 00:00:10 ; elapsed = 00:00:10 . Memory (MB): peak = 1781.395 ; gain = 810.496
INFO: [runtcl-4] Executing : report_drc -file uart_manager_drc_opted.rpt -pb uart_manager_drc_opted.pb -rpx uart_manager_drc_opted.rpx
Command: report_drc -file uart_manager_drc_opted.rpt -pb uart_manager_drc_opted.pb -rpx uart_manager_drc_opted.rpx
INFO: [IP_Flow 19-234] Refreshing IP repositories
INFO: [IP_Flow 19-1704] No user IP repositories specified
INFO: [IP_Flow 19-2313] Loaded Vivado IP repository 'D:/Vivado/Vivado/2023.1/data/ip'.
INFO: [DRC 23-27] Running DRC with 2 threads
INFO: [Vivado_Tcl 2-168] The results of DRC are in file C:/Users/Administrator.LAPTOP-S0NU6TDL/Documents/DSL_1D/.git/DSL_PRNG_GROUP_2/PRNG_DSL_G2.runs/impl_1/uart_manager_drc_opted.rpt.
report_drc completed successfully
INFO: [Timing 38-480] Writing timing data to binary archive.
Writing XDEF routing.
Writing XDEF routing logical nets.
Writing XDEF routing special nets.
Write XDEF Complete: Time (s): cpu = 00:00:00 ; elapsed = 00:00:00.028 . Memory (MB): peak = 1785.379 ; gain = 0.000
INFO: [Common 17-1381] The checkpoint 'C:/Users/Administrator.LAPTOP-S0NU6TDL/Documents/DSL_1D/.git/DSL_PRNG_GROUP_2/PRNG_DSL_G2.runs/impl_1/uart_manager_opt.dcp' has been generated.
Command: place_design
Attempting to get a license for feature 'Implementation' and/or device 'xc7a35t'
INFO: [Common 17-349] Got license for feature 'Implementation' and/or device 'xc7a35t'
INFO: [DRC 23-27] Running DRC with 2 threads
INFO: [Vivado_Tcl 4-198] DRC finished with 0 Errors
INFO: [Vivado_Tcl 4-199] Please refer to the DRC report (report_drc) for more information.
Running DRC as a precondition to command place_design
INFO: [DRC 23-27] Running DRC with 2 threads
INFO: [Vivado_Tcl 4-198] DRC finished with 0 Errors
INFO: [Vivado_Tcl 4-199] Please refer to the DRC report (report_drc) for more information.

Starting Placer Task
INFO: [Place 30-611] Multithreading enabled for place_design using a maximum of 2 CPUs

Phase 1 Placer Initialization

Phase 1.1 Placer Initialization Netlist Sorting
Netlist sorting complete. Time (s): cpu = 00:00:00 ; elapsed = 00:00:00.001 . Memory (MB): peak = 1785.691 ; gain = 0.000
Phase 1.1 Placer Initialization Netlist Sorting | Checksum: 14abb4293

Time (s): cpu = 00:00:00 ; elapsed = 00:00:00.005 . Memory (MB): peak = 1785.691 ; gain = 0.000
Netlist sorting complete. Time (s): cpu = 00:00:00 ; elapsed = 00:00:00 . Memory (MB): peak = 1785.691 ; gain = 0.000

Phase 1.2 IO Placement/ Clock Placement/ Build Placer Device
INFO: [Timing 38-35] Done setting XDC timing constraints.
Phase 1.2 IO Placement/ Clock Placement/ Build Placer Device | Checksum: 14abb4293

Time (s): cpu = 00:00:00 ; elapsed = 00:00:00.075 . Memory (MB): peak = 1785.691 ; gain = 0.000

Phase 1.3 Build Placer Netlist Model
Phase 1.3 Build Placer Netlist Model | Checksum: 1fabbc342

Time (s): cpu = 00:00:00 ; elapsed = 00:00:00.081 . Memory (MB): peak = 1785.691 ; gain = 0.000

Phase 1.4 Constrain Clocks/Macros
Phase 1.4 Constrain Clocks/Macros | Checksum: 1fabbc342

Time (s): cpu = 00:00:00 ; elapsed = 00:00:00.081 . Memory (MB): peak = 1785.691 ; gain = 0.000
Phase 1 Placer Initialization | Checksum: 1fabbc342

Time (s): cpu = 00:00:00 ; elapsed = 00:00:00.081 . Memory (MB): peak = 1785.691 ; gain = 0.000

Phase 2 Final Placement Cleanup
Netlist sorting complete. Time (s): cpu = 00:00:00 ; elapsed = 00:00:00 . Memory (MB): peak = 1785.691 ; gain = 0.000

Time (s): cpu = 00:00:00 ; elapsed = 00:00:00.081 . Memory (MB): peak = 1785.691 ; gain = 0.000
INFO: [Place 30-281] No place-able instance is found; design doesn't contain any instance or all instances are placed
Ending Placer Task | Checksum: 14abb4293

Time (s): cpu = 00:00:00 ; elapsed = 00:00:00.082 . Memory (MB): peak = 1785.691 ; gain = 0.000
INFO: [Common 17-83] Releasing license: Implementation
41 Infos, 22 Warnings, 22 Critical Warnings and 0 Errors encountered.
place_design completed successfully
INFO: [runtcl-4] Executing : report_io -file uart_manager_io_placed.rpt
report_io: Time (s): cpu = 00:00:00 ; elapsed = 00:00:00.028 . Memory (MB): peak = 1785.691 ; gain = 0.000
INFO: [runtcl-4] Executing : report_utilization -file uart_manager_utilization_placed.rpt -pb uart_manager_utilization_placed.pb
INFO: [runtcl-4] Executing : report_control_sets -verbose -file uart_manager_control_sets_placed.rpt
report_control_sets: Time (s): cpu = 00:00:00 ; elapsed = 00:00:00.001 . Memory (MB): peak = 1785.691 ; gain = 0.000
INFO: [Timing 38-480] Writing timing data to binary archive.
Writing XDEF routing.
Writing XDEF routing logical nets.
Writing XDEF routing special nets.
Write XDEF Complete: Time (s): cpu = 00:00:00 ; elapsed = 00:00:00.027 . Memory (MB): peak = 1785.691 ; gain = 0.000
INFO: [Common 17-1381] The checkpoint 'C:/Users/Administrator.LAPTOP-S0NU6TDL/Documents/DSL_1D/.git/DSL_PRNG_GROUP_2/PRNG_DSL_G2.runs/impl_1/uart_manager_placed.dcp' has been generated.
Command: phys_opt_design
Attempting to get a license for feature 'Implementation' and/or device 'xc7a35t'
INFO: [Common 17-349] Got license for feature 'Implementation' and/or device 'xc7a35t'
INFO: [Vivado_Tcl 4-241] Physical synthesis in post route mode 
WARNING: [Vivado_Tcl 4-1385] Design is not legally routed. Skipping post-route optimization
INFO: [Vivado_Tcl 4-1850] phys_opt_design is skipped because design is not fully routed, please run report_route_status to get more information.
INFO: [Common 17-83] Releasing license: Implementation
50 Infos, 23 Warnings, 22 Critical Warnings and 0 Errors encountered.
phys_opt_design completed successfully
INFO: [Timing 38-480] Writing timing data to binary archive.
Writing XDEF routing.
Writing XDEF routing logical nets.
Writing XDEF routing special nets.
Write XDEF Complete: Time (s): cpu = 00:00:00 ; elapsed = 00:00:00.026 . Memory (MB): peak = 1785.691 ; gain = 0.000
INFO: [Common 17-1381] The checkpoint 'C:/Users/Administrator.LAPTOP-S0NU6TDL/Documents/DSL_1D/.git/DSL_PRNG_GROUP_2/PRNG_DSL_G2.runs/impl_1/uart_manager_physopt.dcp' has been generated.
Command: route_design
Attempting to get a license for feature 'Implementation' and/or device 'xc7a35t'
INFO: [Common 17-349] Got license for feature 'Implementation' and/or device 'xc7a35t'
Running DRC as a precondition to command route_design
INFO: [DRC 23-27] Running DRC with 2 threads
INFO: [Vivado_Tcl 4-198] DRC finished with 0 Errors
INFO: [Vivado_Tcl 4-199] Please refer to the DRC report (report_drc) for more information.


Starting Routing Task
INFO: [Route 35-254] Multithreading enabled for route_design using a maximum of 2 CPUs

Phase 1 Build RT Design
Checksum: PlaceDB: f7e57a84 ConstDB: 0 ShapeSum: 52d5c80f RouteDB: 0
Post Restoration Checksum: NetGraph: 3c154d46 | NumContArr: a5787308 | Constraints: 190a55ad | Timing: 0
Phase 1 Build RT Design | Checksum: fa9815fb

Time (s): cpu = 00:00:20 ; elapsed = 00:00:19 . Memory (MB): peak = 1870.516 ; gain = 74.602

Phase 2 Router Initialization
INFO: [Route 35-64] No timing constraints were detected. The router will operate in resource-optimization mode.

Phase 2.1 Fix Topology Constraints
Phase 2.1 Fix Topology Constraints | Checksum: fa9815fb

Time (s): cpu = 00:00:20 ; elapsed = 00:00:19 . Memory (MB): peak = 1876.551 ; gain = 80.637

Phase 2.2 Pre Route Cleanup
Phase 2.2 Pre Route Cleanup | Checksum: fa9815fb

Time (s): cpu = 00:00:20 ; elapsed = 00:00:19 . Memory (MB): peak = 1876.551 ; gain = 80.637
 Number of Nodes with overlaps = 0

Router Utilization Summary
  Global Vertical Routing Utilization    = 0 %
  Global Horizontal Routing Utilization  = 0 %
  Routable Net Status*
  *Does not include unroutable nets such as driverless and loadless.
  Run report_route_status for detailed report.
  Number of Failed Nets               = 0
    (Failed Nets is the sum of unrouted and partially routed nets)
  Number of Unrouted Nets             = 0
  Number of Partially Routed Nets     = 0
  Number of Node Overlaps             = 0

Phase 2 Router Initialization | Checksum: 17b71ecfd

Time (s): cpu = 00:00:20 ; elapsed = 00:00:19 . Memory (MB): peak = 1881.215 ; gain = 85.301

Phase 3 Initial Routing

Phase 3.1 Global Routing
Phase 3.1 Global Routing | Checksum: 17b71ecfd

Time (s): cpu = 00:00:20 ; elapsed = 00:00:19 . Memory (MB): peak = 1881.215 ; gain = 85.301
 Number of Nodes with overlaps = 0
Phase 3 Initial Routing | Checksum: 17b71ecfd

Time (s): cpu = 00:00:20 ; elapsed = 00:00:19 . Memory (MB): peak = 1881.215 ; gain = 85.301

Phase 4 Rip-up And Reroute

Phase 4.1 Global Iteration 0
Phase 4.1 Global Iteration 0 | Checksum: 17b71ecfd

Time (s): cpu = 00:00:20 ; elapsed = 00:00:19 . Memory (MB): peak = 1881.215 ; gain = 85.301
Phase 4 Rip-up And Reroute | Checksum: 17b71ecfd

Time (s): cpu = 00:00:20 ; elapsed = 00:00:19 . Memory (MB): peak = 1881.215 ; gain = 85.301

Phase 5 Delay and Skew Optimization
Phase 5 Delay and Skew Optimization | Checksum: 17b71ecfd

Time (s): cpu = 00:00:20 ; elapsed = 00:00:19 . Memory (MB): peak = 1881.215 ; gain = 85.301

Phase 6 Post Hold Fix

Phase 6.1 Hold Fix Iter
Phase 6.1 Hold Fix Iter | Checksum: 17b71ecfd

Time (s): cpu = 00:00:20 ; elapsed = 00:00:19 . Memory (MB): peak = 1881.215 ; gain = 85.301
Phase 6 Post Hold Fix | Checksum: 17b71ecfd

Time (s): cpu = 00:00:20 ; elapsed = 00:00:19 . Memory (MB): peak = 1881.215 ; gain = 85.301

Phase 7 Route finalize

Router Utilization Summary
  Global Vertical Routing Utilization    = 0 %
  Global Horizontal Routing Utilization  = 0 %
  Routable Net Status*
  *Does not include unroutable nets such as driverless and loadless.
  Run report_route_status for detailed report.
  Number of Failed Nets               = 0
    (Failed Nets is the sum of unrouted and partially routed nets)
  Number of Unrouted Nets             = 0
  Number of Partially Routed Nets     = 0
  Number of Node Overlaps             = 0


--GLOBAL Congestion:
Utilization threshold used for congestion level computation: 0.85
Congestion Report
North Dir 1x1 Area, Max Cong = 0%, No Congested Regions.
South Dir 1x1 Area, Max Cong = 0%, No Congested Regions.
East Dir 1x1 Area, Max Cong = 0%, No Congested Regions.
West Dir 1x1 Area, Max Cong = 0%, No Congested Regions.

------------------------------
Reporting congestion hotspots
------------------------------
Direction: North
----------------
Congested clusters found at Level 0
Effective congestion level: 0 Aspect Ratio: 1 Sparse Ratio: 0
Direction: South
----------------
Congested clusters found at Level 0
Effective congestion level: 0 Aspect Ratio: 1 Sparse Ratio: 0
Direction: East
----------------
Congested clusters found at Level 0
Effective congestion level: 0 Aspect Ratio: 1 Sparse Ratio: 0
Direction: West
----------------
Congested clusters found at Level 0
Effective congestion level: 0 Aspect Ratio: 1 Sparse Ratio: 0

Phase 7 Route finalize | Checksum: 17b71ecfd

Time (s): cpu = 00:00:20 ; elapsed = 00:00:19 . Memory (MB): peak = 1881.215 ; gain = 85.301

Phase 8 Verifying routed nets

 Verification completed successfully
Phase 8 Verifying routed nets | Checksum: 17b71ecfd

Time (s): cpu = 00:00:20 ; elapsed = 00:00:19 . Memory (MB): peak = 1881.867 ; gain = 85.953

Phase 9 Depositing Routes
Phase 9 Depositing Routes | Checksum: 17b71ecfd

Time (s): cpu = 00:00:20 ; elapsed = 00:00:19 . Memory (MB): peak = 1881.867 ; gain = 85.953
INFO: [Route 35-16] Router Completed Successfully

Phase 10 Post-Route Event Processing
Phase 10 Post-Route Event Processing | Checksum: 14abb4293

Time (s): cpu = 00:00:20 ; elapsed = 00:00:19 . Memory (MB): peak = 1881.867 ; gain = 85.953

Time (s): cpu = 00:00:20 ; elapsed = 00:00:19 . Memory (MB): peak = 1881.867 ; gain = 85.953

Routing Is Done.
INFO: [Common 17-83] Releasing license: Implementation
60 Infos, 23 Warnings, 22 Critical Warnings and 0 Errors encountered.
route_design completed successfully
route_design: Time (s): cpu = 00:00:21 ; elapsed = 00:00:19 . Memory (MB): peak = 1881.867 ; gain = 96.176
INFO: [runtcl-4] Executing : report_drc -file uart_manager_drc_routed.rpt -pb uart_manager_drc_routed.pb -rpx uart_manager_drc_routed.rpx
Command: report_drc -file uart_manager_drc_routed.rpt -pb uart_manager_drc_routed.pb -rpx uart_manager_drc_routed.rpx
INFO: [IP_Flow 19-1839] IP Catalog is up to date.
INFO: [DRC 23-27] Running DRC with 2 threads
INFO: [Vivado_Tcl 2-168] The results of DRC are in file C:/Users/Administrator.LAPTOP-S0NU6TDL/Documents/DSL_1D/.git/DSL_PRNG_GROUP_2/PRNG_DSL_G2.runs/impl_1/uart_manager_drc_routed.rpt.
report_drc completed successfully
INFO: [runtcl-4] Executing : report_methodology -file uart_manager_methodology_drc_routed.rpt -pb uart_manager_methodology_drc_routed.pb -rpx uart_manager_methodology_drc_routed.rpx
Command: report_methodology -file uart_manager_methodology_drc_routed.rpt -pb uart_manager_methodology_drc_routed.pb -rpx uart_manager_methodology_drc_routed.rpx
INFO: [Timing 38-35] Done setting XDC timing constraints.
INFO: [DRC 23-133] Running Methodology with 2 threads
INFO: [Vivado_Tcl 2-1520] The results of Report Methodology are in file C:/Users/Administrator.LAPTOP-S0NU6TDL/Documents/DSL_1D/.git/DSL_PRNG_GROUP_2/PRNG_DSL_G2.runs/impl_1/uart_manager_methodology_drc_routed.rpt.
report_methodology completed successfully
INFO: [runtcl-4] Executing : report_power -file uart_manager_power_routed.rpt -pb uart_manager_power_summary_routed.pb -rpx uart_manager_power_routed.rpx
Command: report_power -file uart_manager_power_routed.rpt -pb uart_manager_power_summary_routed.pb -rpx uart_manager_power_routed.rpx
INFO: [Timing 38-35] Done setting XDC timing constraints.
WARNING: [Power 33-232] No user defined clocks were found in the design! Power estimation will be inaccurate until this is corrected.
Resolution: Please specify clocks using create_clock/create_generated_clock for sequential elements. For pure combinatorial circuits, please specify a virtual clock, otherwise the vectorless estimation might be inaccurate
Running Vector-less Activity Propagation...

Finished Running Vector-less Activity Propagation
70 Infos, 24 Warnings, 22 Critical Warnings and 0 Errors encountered.
report_power completed successfully
INFO: [runtcl-4] Executing : report_route_status -file uart_manager_route_status.rpt -pb uart_manager_route_status.pb
INFO: [runtcl-4] Executing : report_timing_summary -max_paths 10 -report_unconstrained -file uart_manager_timing_summary_routed.rpt -pb uart_manager_timing_summary_routed.pb -rpx uart_manager_timing_summary_routed.rpx -warn_on_violation 
INFO: [Timing 38-91] UpdateTimingParams: Speed grade: -1, Delay Type: min_max.
INFO: [Timing 38-191] Multithreading enabled for timing update using a maximum of 2 CPUs
WARNING: [Timing 38-313] There are no user specified timing constraints. Timing constraints are needed for proper timing analysis.
INFO: [runtcl-4] Executing : report_incremental_reuse -file uart_manager_incremental_reuse_routed.rpt
INFO: [Vivado_Tcl 4-1062] Incremental flow is disabled. No incremental reuse Info to report.
INFO: [runtcl-4] Executing : report_clock_utilization -file uart_manager_clock_utilization_routed.rpt
INFO: [runtcl-4] Executing : report_bus_skew -warn_on_violation -file uart_manager_bus_skew_routed.rpt -pb uart_manager_bus_skew_routed.pb -rpx uart_manager_bus_skew_routed.rpx
INFO: [Timing 38-91] UpdateTimingParams: Speed grade: -1, Delay Type: min_max.
INFO: [Timing 38-191] Multithreading enabled for timing update using a maximum of 2 CPUs
INFO: [Timing 38-480] Writing timing data to binary archive.
Writing XDEF routing.
Writing XDEF routing logical nets.
Writing XDEF routing special nets.
Write XDEF Complete: Time (s): cpu = 00:00:00 ; elapsed = 00:00:00.030 . Memory (MB): peak = 1916.773 ; gain = 3.090
INFO: [Common 17-1381] The checkpoint 'C:/Users/Administrator.LAPTOP-S0NU6TDL/Documents/DSL_1D/.git/DSL_PRNG_GROUP_2/PRNG_DSL_G2.runs/impl_1/uart_manager_routed.dcp' has been generated.
INFO: [Common 17-206] Exiting Vivado at Tue Apr 16 20:12:09 2024...

*** Running vivado
    with args -log uart_manager.vdi -applog -m64 -product Vivado -messageDb vivado.pb -mode batch -source uart_manager.tcl -notrace


ECHO is off.
ECHO is off.

****** Vivado v2023.1 (64-bit)
  **** SW Build 3865809 on Sun May  7 15:05:29 MDT 2023
  **** IP Build 3864474 on Sun May  7 20:36:21 MDT 2023
  **** SharedData Build 3865790 on Sun May 07 13:33:03 MDT 2023
    ** Copyright 1986-2022 Xilinx, Inc. All Rights Reserved.
    ** Copyright 2022-2023 Advanced Micro Devices, Inc. All Rights Reserved.

source uart_manager.tcl -notrace
Command: open_checkpoint uart_manager_routed.dcp
INFO: [Device 21-403] Loading part xc7a35tcpg236-1
Netlist sorting complete. Time (s): cpu = 00:00:00 ; elapsed = 00:00:00 . Memory (MB): peak = 837.785 ; gain = 0.000
INFO: [Project 1-479] Netlist was created with Vivado 2023.1
INFO: [Project 1-570] Preparing netlist for logic optimization
INFO: [Timing 38-478] Restoring timing data from binary archive.
INFO: [Timing 38-479] Binary timing data restore complete.
INFO: [Project 1-856] Restoring constraints from binary archive.
INFO: [Project 1-853] Binary constraint restore complete.
Reading XDEF placement.
Reading placer database...
Reading XDEF routing.
Read XDEF Files: Time (s): cpu = 00:00:00 ; elapsed = 00:00:00.086 . Memory (MB): peak = 1448.754 ; gain = 1.730
Restored from archive | CPU: 0.000000 secs | Memory: 0.000000 MB |
Finished XDEF File Restore: Time (s): cpu = 00:00:00 ; elapsed = 00:00:00.086 . Memory (MB): peak = 1448.754 ; gain = 1.730
Netlist sorting complete. Time (s): cpu = 00:00:00 ; elapsed = 00:00:00 . Memory (MB): peak = 1448.754 ; gain = 0.000
INFO: [Project 1-111] Unisim Transformation Summary:
No Unisim elements were transformed.

INFO: [Project 1-604] Checkpoint was created with Vivado v2023.1 (64-bit) build 3865809
open_checkpoint: Time (s): cpu = 00:00:17 ; elapsed = 00:00:18 . Memory (MB): peak = 1448.754 ; gain = 1180.168
Command: write_bitstream -force uart_manager.bit
Attempting to get a license for feature 'Implementation' and/or device 'xc7a35t'
INFO: [Common 17-349] Got license for feature 'Implementation' and/or device 'xc7a35t'
Running DRC as a precondition to command write_bitstream
INFO: [IP_Flow 19-234] Refreshing IP repositories
INFO: [IP_Flow 19-1704] No user IP repositories specified
INFO: [IP_Flow 19-2313] Loaded Vivado IP repository 'D:/Vivado/Vivado/2023.1/data/ip'.
INFO: [DRC 23-27] Running DRC with 2 threads
WARNING: [DRC CFGBVS-1] Missing CFGBVS and CONFIG_VOLTAGE Design Properties: Neither the CFGBVS nor CONFIG_VOLTAGE voltage property is set in the current_design.  Configuration bank voltage select (CFGBVS) must be set to VCCO or GND, and CONFIG_VOLTAGE must be set to the correct configuration voltage, in order to determine the I/O voltage support for the pins in bank 0.  It is suggested to specify these either using the 'Edit Device Properties' function in the GUI or directly in the XDC file using the following syntax:

 set_property CFGBVS value1 [current_design]
 #where value1 is either VCCO or GND

 set_property CONFIG_VOLTAGE value2 [current_design]
 #where value2 is the voltage provided to configuration bank 0

Refer to the device configuration user guide for more information.
INFO: [Vivado 12-3199] DRC finished with 0 Errors, 1 Warnings
INFO: [Vivado 12-3200] Please refer to the DRC report (report_drc) for more information.
INFO: [Designutils 20-2272] Running write_bitstream with 2 threads.
Loading data files...
Loading site data...
Loading route data...
Processing options...
Creating bitmap...
Creating bitstream...
Writing bitstream ./uart_manager.bit...
INFO: [Vivado 12-1842] Bitgen Completed Successfully.
INFO: [Project 1-1876] WebTalk data collection is mandatory when using a ULT device. To see the specific WebTalk data collected for your design, open the usage_statistics_webtalk.html or usage_statistics_webtalk.xml file in the implementation directory.
INFO: [Common 17-83] Releasing license: Implementation
20 Infos, 1 Warnings, 0 Critical Warnings and 0 Errors encountered.
write_bitstream completed successfully
write_bitstream: Time (s): cpu = 00:00:10 ; elapsed = 00:00:09 . Memory (MB): peak = 1991.004 ; gain = 542.250
INFO: [Common 17-206] Exiting Vivado at Tue Apr 16 20:12:56 2024...
